<?xml version="1.0" encoding="UTF-8"?>
<!-- Generated by org.testng.reporters.JUnitReportReporter -->
<testsuite hostname="DESKTOP-NFFT81D" failures="0" tests="1" name="testngDemo.AssignmentQ5ScreenShot" time="8.433" errors="0" timestamp="2024-01-10T16:01:36 IST" skipped="0">
  <testcase classname="testngDemo.AssignmentQ5ScreenShot" name="capture" time="8.433"/>
  <system-out/>
</testsuite> <!-- testngDemo.AssignmentQ5ScreenShot -->
