<?xml version="1.0" encoding="UTF-8"?>
<!-- Generated by org.testng.reporters.JUnitReportReporter -->
<testsuite hostname="DESKTOP-NFFT81D" failures="0" tests="3" name="testngDemo.TestDemo2" time="33.427" errors="0" timestamp="2024-01-05T13:48:44 IST" skipped="0">
  <testcase classname="testngDemo.TestDemo2" name="chromeTest" time="3.565"/>
  <system-out/>
  <testcase classname="testngDemo.TestDemo2" name="firefoxTest" time="8.010"/>
  <system-out/>
  <testcase classname="testngDemo.TestDemo2" name="edgeTest" time="21.852"/>
  <system-out/>
</testsuite> <!-- testngDemo.TestDemo2 -->
