<?xml version="1.0" encoding="UTF-8"?>
<!-- Generated by org.testng.reporters.JUnitReportReporter -->
<testsuite hostname="DESKTOP-NFFT81D" failures="0" tests="1" name="realTimeAnnotationsUse.CMRTestAutomation" time="11.134" errors="0" timestamp="2024-01-06T19:58:30 IST" skipped="0">
  <testcase classname="realTimeAnnotationsUse.CMRTestAutomation" name="crmTest" time="11.134"/>
  <system-out/>
</testsuite> <!-- realTimeAnnotationsUse.CMRTestAutomation -->
