<?xml version="1.0" encoding="UTF-8"?>
<!-- Generated by org.testng.reporters.JUnitReportReporter -->
<testsuite hostname="DESKTOP-NFFT81D" failures="0" tests="1" name="testngDemo.GoogleTitleValidation" time="5.228" errors="0" timestamp="2024-01-05T13:48:44 IST" skipped="0">
  <testcase classname="testngDemo.GoogleTitleValidation" name="titleValidation" time="5.228"/>
  <system-out/>
</testsuite> <!-- testngDemo.GoogleTitleValidation -->
