<?xml version="1.0" encoding="UTF-8"?>
<!-- Generated by org.testng.reporters.JUnitReportReporter -->
<testsuite hostname="DESKTOP-NFFT81D" failures="0" tests="3" name="parallel_CrossBrowserTest.CrossBrowserTest" time="62.795" errors="0" timestamp="2024-01-11T16:00:44 IST" skipped="0">
  <testcase classname="parallel_CrossBrowserTest.CrossBrowserTest" name="browserTest" time="23.011"/>
  <system-out/>
  <testcase classname="parallel_CrossBrowserTest.CrossBrowserTest" name="browserTest" time="10.912"/>
  <system-out/>
  <testcase classname="parallel_CrossBrowserTest.CrossBrowserTest" name="browserTest" time="28.872"/>
  <system-out/>
</testsuite> <!-- parallel_CrossBrowserTest.CrossBrowserTest -->
