<?xml version="1.0" encoding="UTF-8"?>
<!-- Generated by org.testng.reporters.JUnitReportReporter -->
<testsuite hostname="DESKTOP-NFFT81D" failures="0" tests="2" name="realTimeAnnotationsUse.CRMTestCases" time="3.238" errors="0" timestamp="2024-01-06T21:01:49 IST" skipped="0">
  <testcase classname="realTimeAnnotationsUse.CRMTestCases" name="signinlinkValidation" time="1.237"/>
  <system-out/>
  <testcase classname="realTimeAnnotationsUse.CRMTestCases" name="loginValidation" time="2.001"/>
  <system-out/>
</testsuite> <!-- realTimeAnnotationsUse.CRMTestCases -->
