<?xml version="1.0" encoding="UTF-8"?>
<!-- Generated by org.testng.reporters.JUnitReportReporter -->
<testsuite hostname="DESKTOP-NFFT81D" failures="0" tests="5" name="testngDemo.TestDemo4_InvocationCount" time="0.056" errors="0" timestamp="2024-01-05T13:48:43 IST" skipped="0">
  <testcase classname="testngDemo.TestDemo4_InvocationCount" name="enrollForTheCourse" time="0.029"/>
  <system-out/>
  <testcase classname="testngDemo.TestDemo4_InvocationCount" name="Training" time="0.009"/>
  <system-out/>
  <testcase classname="testngDemo.TestDemo4_InvocationCount" name="placementCall" time="0.010"/>
  <system-out/>
  <testcase classname="testngDemo.TestDemo4_InvocationCount" name="placementCall" time="0.005"/>
  <system-out/>
  <testcase classname="testngDemo.TestDemo4_InvocationCount" name="placementCall" time="0.003"/>
  <system-out/>
</testsuite> <!-- testngDemo.TestDemo4_InvocationCount -->
