<?xml version="1.0" encoding="UTF-8"?>
<!-- Generated by org.testng.reporters.JUnitReportReporter -->
<testsuite hostname="DESKTOP-NFFT81D" failures="0" tests="3" name="testngDemo.AnnotationDemo" time="0.024" errors="0" timestamp="2024-01-05T16:01:49 IST" skipped="0">
  <testcase classname="testngDemo.AnnotationDemo" name="registerTest" time="0.012"/>
  <system-out/>
  <testcase classname="testngDemo.AnnotationDemo" name="loginTest" time="0.006"/>
  <system-out/>
  <testcase classname="testngDemo.AnnotationDemo" name="logoutTest" time="0.006"/>
  <system-out/>
</testsuite> <!-- testngDemo.AnnotationDemo -->
