<?xml version="1.0" encoding="UTF-8"?>
<!-- Generated by org.testng.reporters.JUnitReportReporter -->
<testsuite hostname="DESKTOP-NFFT81D" failures="0" tests="2" name="testngDemo.AssertionInTestNG" time="0.012" errors="0" timestamp="2024-01-05T13:48:44 IST" skipped="0">
  <testcase classname="testngDemo.AssertionInTestNG" name="hardAssertionTest" time="0.001"/>
  <system-out/>
  <testcase classname="testngDemo.AssertionInTestNG" name="softAssertionTest" time="0.011"/>
  <system-out/>
</testsuite> <!-- testngDemo.AssertionInTestNG -->
