<?xml version="1.0" encoding="UTF-8"?>
<!-- Generated by org.testng.reporters.JUnitReportReporter -->
<testsuite hostname="DESKTOP-NFFT81D" failures="0" tests="1" name="testngDemo.PropertiesFileGoogleRead" time="6.732" errors="0" timestamp="2024-01-11T13:51:29 IST" skipped="0">
  <testcase classname="testngDemo.PropertiesFileGoogleRead" name="readFile" time="6.732"/>
  <system-out/>
</testsuite> <!-- testngDemo.PropertiesFileGoogleRead -->
