<?xml version="1.0" encoding="UTF-8"?>
<!-- Generated by org.testng.reporters.JUnitReportReporter -->
<testsuite hostname="DESKTOP-NFFT81D" failures="0" tests="3" name="parallel_CrossBrowserTest.ParallelWithMethod" time="60.932" errors="0" timestamp="2024-01-11T15:37:01 IST" skipped="0">
  <testcase classname="parallel_CrossBrowserTest.ParallelWithMethod" name="chromeTest" time="14.598"/>
  <system-out/>
  <testcase classname="parallel_CrossBrowserTest.ParallelWithMethod" name="firefoxTest" time="26.394"/>
  <system-out/>
  <testcase classname="parallel_CrossBrowserTest.ParallelWithMethod" name="edgeTest" time="19.940"/>
  <system-out/>
</testsuite> <!-- parallel_CrossBrowserTest.ParallelWithMethod -->
