<?xml version="1.0" encoding="UTF-8"?>
<!-- Generated by org.testng.reporters.JUnitReportReporter -->
<testsuite hostname="DESKTOP-NFFT81D" failures="0" tests="4" name="datadrivenTest.UsingArray" time="0.027" errors="0" timestamp="2024-01-11T19:21:32 IST" skipped="0">
  <testcase classname="datadrivenTest.UsingArray" name="loginTest" time="0.015"/>
  <system-out/>
  <testcase classname="datadrivenTest.UsingArray" name="loginTest" time="0.004"/>
  <system-out/>
  <testcase classname="datadrivenTest.UsingArray" name="loginTest" time="0.005"/>
  <system-out/>
  <testcase classname="datadrivenTest.UsingArray" name="loginTest" time="0.003"/>
  <system-out/>
</testsuite> <!-- datadrivenTest.UsingArray -->
