<?xml version="1.0" encoding="UTF-8"?>
<!-- Generated by org.testng.reporters.JUnitReportReporter -->
<testsuite hostname="DESKTOP-NFFT81D" failures="0" tests="1" name="testngDemo.TestDataUsingXml" time="0.018" errors="0" timestamp="2024-01-10T19:58:59 IST" skipped="0">
  <testcase classname="testngDemo.TestDataUsingXml" name="loginTest" time="0.018"/>
  <system-out/>
</testsuite> <!-- testngDemo.TestDataUsingXml -->
