<?xml version="1.0" encoding="UTF-8"?>
<!-- Generated by org.testng.reporters.JUnitReportReporter -->
<testsuite hostname="DESKTOP-NFFT81D" failures="0" tests="1" name="parallel_CrossBrowserTest.Class2" time="23.514" errors="0" timestamp="2024-01-11T15:44:54 IST" skipped="0">
  <testcase classname="parallel_CrossBrowserTest.Class2" name="firefoxTest" time="23.514"/>
  <system-out/>
</testsuite> <!-- parallel_CrossBrowserTest.Class2 -->
