<?xml version="1.0" encoding="UTF-8"?>
<!-- Generated by org.testng.reporters.JUnitReportReporter -->
<testsuite hostname="DESKTOP-NFFT81D" failures="0" tests="1" name="testngDemo.ScreenShotHandling" time="12.275" errors="0" timestamp="2024-01-10T15:46:20 IST" skipped="0">
  <testcase classname="testngDemo.ScreenShotHandling" name="capture" time="12.275"/>
  <system-out/>
</testsuite> <!-- testngDemo.ScreenShotHandling -->
