<?xml version="1.0" encoding="UTF-8"?>
<!-- Generated by org.testng.reporters.JUnitReportReporter -->
<testsuite hostname="DESKTOP-NFFT81D" failures="0" tests="3" name="testngDemo.GroupTestDemo" time="0.017" errors="0" timestamp="2024-01-05T15:36:38 IST" skipped="0">
  <testcase classname="testngDemo.GroupTestDemo" name="verifyLogin" time="0.013"/>
  <system-out/>
  <testcase classname="testngDemo.GroupTestDemo" name="verifyTitle" time="0.002"/>
  <system-out/>
  <testcase classname="testngDemo.GroupTestDemo" name="verifylogout" time="0.002"/>
  <system-out/>
</testsuite> <!-- testngDemo.GroupTestDemo -->
