<?xml version="1.0" encoding="UTF-8"?>
<!-- Generated by org.testng.reporters.JUnitReportReporter -->
<testsuite hostname="DESKTOP-NFFT81D" failures="0" tests="3" name="pageObjectModelQ2.TestCase.LoginPageTestQ2" time="13.995" errors="0" timestamp="2024-01-09T13:28:45 IST" skipped="0">
  <testcase classname="pageObjectModelQ2.TestCase.LoginPageTestQ2" name="verifyUrl" time="0.221"/>
  <system-out/>
  <testcase classname="pageObjectModelQ2.TestCase.LoginPageTestQ2" name="verifyTitle" time="0.050"/>
  <system-out/>
  <testcase classname="pageObjectModelQ2.TestCase.LoginPageTestQ2" name="verifyLogin" time="13.724"/>
  <system-out/>
</testsuite> <!-- pageObjectModelQ2.TestCase.LoginPageTestQ2 -->
