<?xml version="1.0" encoding="UTF-8"?>
<!-- Generated by org.testng.reporters.JUnitReportReporter -->
<testsuite hostname="DESKTOP-NFFT81D" failures="0" tests="1" name="datadrivenTest.ExcelDataRead" time="1.365" errors="0" timestamp="2024-01-13T10:37:33 IST" skipped="0">
  <testcase classname="datadrivenTest.ExcelDataRead" name="dataRead" time="1.365"/>
  <system-out/>
</testsuite> <!-- datadrivenTest.ExcelDataRead -->
