<?xml version="1.0" encoding="UTF-8"?>
<!-- Generated by org.testng.reporters.JUnitReportReporter -->
<testsuite hostname="DESKTOP-NFFT81D" failures="0" tests="4" name="testngDemo.TestDemo3_Priority" time="0.025" errors="0" timestamp="2024-01-05T13:48:43 IST" skipped="0">
  <testcase classname="testngDemo.TestDemo3_Priority" name="registerTest" time="0.012"/>
  <system-out/>
  <testcase classname="testngDemo.TestDemo3_Priority" name="loginTest" time="0.003"/>
  <system-out/>
  <testcase classname="testngDemo.TestDemo3_Priority" name="searchProductTest" time="0.007"/>
  <system-out/>
  <testcase classname="testngDemo.TestDemo3_Priority" name="addToCartTest" time="0.003"/>
  <system-out/>
</testsuite> <!-- testngDemo.TestDemo3_Priority -->
