<?xml version="1.0" encoding="UTF-8"?>
<!-- Generated by org.testng.reporters.JUnitReportReporter -->
<testsuite hostname="DESKTOP-NFFT81D" failures="0" tests="3" name="pageObjectModel.TestCase.LoginPageTest" time="3.295" errors="0" timestamp="2024-01-07T11:05:24 IST" skipped="0">
  <testcase classname="pageObjectModel.TestCase.LoginPageTest" name="verifyUrl" time="0.058"/>
  <system-out/>
  <testcase classname="pageObjectModel.TestCase.LoginPageTest" name="verifyTitle" time="0.018"/>
  <system-out/>
  <testcase classname="pageObjectModel.TestCase.LoginPageTest" name="verifyLogin" time="3.219"/>
  <system-out/>
</testsuite> <!-- pageObjectModel.TestCase.LoginPageTest -->
