<?xml version="1.0" encoding="UTF-8"?>
<!-- Generated by org.testng.reporters.JUnitReportReporter -->
<testsuite hostname="DESKTOP-NFFT81D" failures="0" tests="2" name="pageObjectModel.TestCase.NewLoginPageTest" time="3.430" errors="0" timestamp="2024-01-07T12:40:48 IST" skipped="0">
  <testcase classname="pageObjectModel.TestCase.NewLoginPageTest" name="verifyUrl" time="0.029"/>
  <system-out/>
  <testcase classname="pageObjectModel.TestCase.NewLoginPageTest" name="verifyLogin" time="3.401"/>
  <system-out/>
</testsuite> <!-- pageObjectModel.TestCase.NewLoginPageTest -->
