<?xml version="1.0" encoding="UTF-8"?>
<!-- Generated by org.testng.reporters.JUnitReportReporter -->
<testsuite hostname="DESKTOP-NFFT81D" failures="0" tests="1" name="datadrivenTest.ExtendReportDemo" time="1.169" errors="0" timestamp="2024-01-13T13:35:26 IST" skipped="0">
  <testcase classname="datadrivenTest.ExtendReportDemo" name="reportTest" time="1.169"/>
  <system-out/>
</testsuite> <!-- datadrivenTest.ExtendReportDemo -->
